ACC_U_f_a
       128       128       128
         1         1         1
         1
        -8
### NORMAL
### CM-RCM
color number:        8
color number:        8
    5.028345E-02   coloring of elements
    1.059978E-01   matrix assembling
    8.045289E+02   GFlops
  100    7.200837E-02
  200    7.698423E-04
  300    2.321115E-05
  400    3.515262E-07
  457    9.940129E-09
elapsed     457    1.023678E+01    1.023678E+01    1.023678E+01
iter        457    2.239997E-02    2.239997E-02    2.239997E-02
 2097152   -3.810000E+01   -3.810000E+01    1.270000E+02
