CUDA_U_f_a
       128       128       128
         1         1         1
         1
        -8
### NORMAL
### CM-RCM
color number:        8
color number:        8
            1      2048383      2048383
    5.049591E-02   coloring of elements
    5.713097E-02   matrix assembling
    1.492681E+03   GFlops
  100    7.200837E-02
  200    7.698423E-04
  300    2.321115E-05
  400    3.515262E-07
  457    9.940129E-09
elapsed     457    1.024620E+01    1.024620E+01    1.024620E+01
iter        457    2.242056E-02    2.242056E-02    2.242056E-02
 2097152   -3.810000E+01   -3.810000E+01    1.270000E+02
